<?xml version="1.0" encoding="UTF-8"?>
<!-- Generated by org.testng.reporters.JUnitXMLReporter -->
<testsuite ignored="0" hostname="DESKTOP-HQV51JQ" failures="0" tests="18" name="Default test" time="179.295" errors="0" timestamp="2024-04-02T17:18:27 IST">
  <testcase classname="testCases.SriLanka" name="applicationLogin" time="23.626"/>
  <testcase classname="testCases.SriLanka" name="signupDetails" time="6.34"/>
  <testcase classname="testCases.SriLanka" name="verifyOtp" time="11.261"/>
  <testcase classname="testCases.SriLanka" name="addSEVehicle" time="26.254"/>
  <testcase classname="testCases.SriLanka" name="SerideDetails" time="9.547"/>
  <testcase classname="testCases.SriLanka" name="SemyRides" time="3.419"/>
  <testcase classname="testCases.SriLanka" name="Seknowyourbike" time="8.063"/>
  <testcase classname="testCases.SriLanka" name="Sesettings" time="10.262"/>
  <testcase classname="testCases.SriLanka" name="SelastParkLocation" time="6.738"/>
  <testcase classname="testCases.SriLanka" name="SehowToVideos" time="6.167"/>
  <testcase classname="testCases.SriLanka" name="addReBike" time="7.924"/>
  <testcase classname="testCases.SriLanka" name="reridedetails" time="8.667"/>
  <testcase classname="testCases.SriLanka" name="remyrides" time="3.265"/>
  <testcase classname="testCases.SriLanka" name="reknowyourbike" time="7.208"/>
  <testcase classname="testCases.SriLanka" name="resettings" time="9.543"/>
  <testcase classname="testCases.SriLanka" name="lastparkedlocation" time="4.957"/>
  <testcase classname="testCases.SriLanka" name="howtovideos" time="3.641"/>
  <testcase classname="testCases.SriLanka" name="addiQube" time="4.559"/>
</testsuite> <!-- Default test -->
