<?xml version="1.0" encoding="UTF-8"?>
<!-- Generated by org.testng.reporters.JUnitXMLReporter -->
<testsuite ignored="0" hostname="DESKTOP-HQV51JQ" failures="0" tests="18" name="Default test" time="176.432" errors="0" timestamp="2024-03-28T15:11:35 IST">
  <testcase classname="testCases.SriLanka" name="applicationLogin" time="22.609"/>
  <testcase classname="testCases.SriLanka" name="signupDetails" time="5.961"/>
  <testcase classname="testCases.SriLanka" name="verifyOtp" time="13.004"/>
  <testcase classname="testCases.SriLanka" name="addSEVehicle" time="26.979"/>
  <testcase classname="testCases.SriLanka" name="SerideDetails" time="8.957"/>
  <testcase classname="testCases.SriLanka" name="SemyRides" time="3.257"/>
  <testcase classname="testCases.SriLanka" name="Seknowyourbike" time="8.639"/>
  <testcase classname="testCases.SriLanka" name="Sesettings" time="9.829"/>
  <testcase classname="testCases.SriLanka" name="SelastParkLocation" time="6.156"/>
  <testcase classname="testCases.SriLanka" name="SehowToVideos" time="5.064"/>
  <testcase classname="testCases.SriLanka" name="addReBike" time="8.368"/>
  <testcase classname="testCases.SriLanka" name="reridedetails" time="9.063"/>
  <testcase classname="testCases.SriLanka" name="remyrides" time="3.835"/>
  <testcase classname="testCases.SriLanka" name="reknowyourbike" time="7.281"/>
  <testcase classname="testCases.SriLanka" name="resettings" time="9.778"/>
  <testcase classname="testCases.SriLanka" name="lastparkedlocation" time="4.838"/>
  <testcase classname="testCases.SriLanka" name="howtovideos" time="3.201"/>
  <testcase classname="testCases.SriLanka" name="addiQube" time="4.157"/>
</testsuite> <!-- Default test -->
