<?xml version="1.0" encoding="UTF-8"?>
<!-- Generated by org.testng.reporters.JUnitXMLReporter -->
<testsuite ignored="0" hostname="DESKTOP-HQV51JQ" failures="0" tests="18" name="Test" time="171.794" errors="0" timestamp="2024-03-29T14:57:09 IST">
  <testcase classname="testCases.SriLanka" name="applicationLogin" time="22.65"/>
  <testcase classname="testCases.SriLanka" name="signupDetails" time="6.259"/>
  <testcase classname="testCases.SriLanka" name="verifyOtp" time="9.553"/>
  <testcase classname="testCases.SriLanka" name="addSEVehicle" time="25.511"/>
  <testcase classname="testCases.SriLanka" name="SerideDetails" time="8.64"/>
  <testcase classname="testCases.SriLanka" name="SemyRides" time="3.627"/>
  <testcase classname="testCases.SriLanka" name="Seknowyourbike" time="8.231"/>
  <testcase classname="testCases.SriLanka" name="Sesettings" time="10.265"/>
  <testcase classname="testCases.SriLanka" name="SelastParkLocation" time="6.648"/>
  <testcase classname="testCases.SriLanka" name="SehowToVideos" time="3.938"/>
  <testcase classname="testCases.SriLanka" name="addReBike" time="8.29"/>
  <testcase classname="testCases.SriLanka" name="reridedetails" time="8.443"/>
  <testcase classname="testCases.SriLanka" name="remyrides" time="3.184"/>
  <testcase classname="testCases.SriLanka" name="reknowyourbike" time="7.688"/>
  <testcase classname="testCases.SriLanka" name="resettings" time="9.321"/>
  <testcase classname="testCases.SriLanka" name="lastparkedlocation" time="5.093"/>
  <testcase classname="testCases.SriLanka" name="howtovideos" time="3.361"/>
  <testcase classname="testCases.SriLanka" name="addiQube" time="4.043"/>
</testsuite> <!-- Test -->
