<?xml version="1.0" encoding="UTF-8"?>
<testng-results ignored="0" total="18" passed="18" failed="0" skipped="0">
  <reporter-output>
  </reporter-output>
  <suite started-at="2024-03-29T14:54:17 IST" name="Suite" finished-at="2024-03-29T14:57:09 IST" duration-ms="171794">
    <groups>
    </groups>
    <test started-at="2024-03-29T14:54:17 IST" name="Test" finished-at="2024-03-29T14:57:09 IST" duration-ms="171794">
      <class name="testCases.SriLanka">
        <test-method is-config="true" signature="configureappium()[pri:0, instance:testCases.SriLanka@4c1f22f3]" started-at="2024-03-29T14:54:17 IST" name="configureappium" finished-at="2024-03-29T14:54:34 IST" duration-ms="16934" status="PASS">
          <reporter-output>
          </reporter-output>
        </test-method> <!-- configureappium -->
        <test-method signature="applicationLogin()[pri:1, instance:testCases.SriLanka@4c1f22f3]" started-at="2024-03-29T14:54:34 IST" name="applicationLogin" finished-at="2024-03-29T14:54:56 IST" duration-ms="22650" status="PASS">
          <reporter-output>
          </reporter-output>
        </test-method> <!-- applicationLogin -->
        <test-method signature="signupDetails()[pri:2, instance:testCases.SriLanka@4c1f22f3]" started-at="2024-03-29T14:54:56 IST" name="signupDetails" finished-at="2024-03-29T14:55:03 IST" duration-ms="6259" status="PASS">
          <reporter-output>
          </reporter-output>
        </test-method> <!-- signupDetails -->
        <test-method signature="verifyOtp()[pri:3, instance:testCases.SriLanka@4c1f22f3]" started-at="2024-03-29T14:55:03 IST" name="verifyOtp" finished-at="2024-03-29T14:55:12 IST" duration-ms="9553" status="PASS">
          <reporter-output>
          </reporter-output>
        </test-method> <!-- verifyOtp -->
        <test-method signature="addSEVehicle()[pri:4, instance:testCases.SriLanka@4c1f22f3]" started-at="2024-03-29T14:55:12 IST" name="addSEVehicle" finished-at="2024-03-29T14:55:38 IST" duration-ms="25511" status="PASS">
          <reporter-output>
          </reporter-output>
        </test-method> <!-- addSEVehicle -->
        <test-method signature="SerideDetails()[pri:5, instance:testCases.SriLanka@4c1f22f3]" started-at="2024-03-29T14:55:38 IST" name="SerideDetails" finished-at="2024-03-29T14:55:46 IST" duration-ms="8640" status="PASS">
          <reporter-output>
          </reporter-output>
        </test-method> <!-- SerideDetails -->
        <test-method signature="SemyRides()[pri:6, instance:testCases.SriLanka@4c1f22f3]" started-at="2024-03-29T14:55:46 IST" name="SemyRides" finished-at="2024-03-29T14:55:50 IST" duration-ms="3627" status="PASS">
          <reporter-output>
          </reporter-output>
        </test-method> <!-- SemyRides -->
        <test-method signature="Seknowyourbike()[pri:7, instance:testCases.SriLanka@4c1f22f3]" started-at="2024-03-29T14:55:50 IST" name="Seknowyourbike" finished-at="2024-03-29T14:55:58 IST" duration-ms="8231" status="PASS">
          <reporter-output>
          </reporter-output>
        </test-method> <!-- Seknowyourbike -->
        <test-method signature="Sesettings()[pri:8, instance:testCases.SriLanka@4c1f22f3]" started-at="2024-03-29T14:55:58 IST" name="Sesettings" finished-at="2024-03-29T14:56:08 IST" duration-ms="10265" status="PASS">
          <reporter-output>
          </reporter-output>
        </test-method> <!-- Sesettings -->
        <test-method signature="SelastParkLocation()[pri:9, instance:testCases.SriLanka@4c1f22f3]" started-at="2024-03-29T14:56:08 IST" name="SelastParkLocation" finished-at="2024-03-29T14:56:15 IST" duration-ms="6648" status="PASS">
          <reporter-output>
          </reporter-output>
        </test-method> <!-- SelastParkLocation -->
        <test-method signature="SehowToVideos()[pri:10, instance:testCases.SriLanka@4c1f22f3]" started-at="2024-03-29T14:56:15 IST" name="SehowToVideos" finished-at="2024-03-29T14:56:19 IST" duration-ms="3938" status="PASS">
          <reporter-output>
          </reporter-output>
        </test-method> <!-- SehowToVideos -->
        <test-method signature="addReBike()[pri:11, instance:testCases.SriLanka@4c1f22f3]" started-at="2024-03-29T14:56:19 IST" name="addReBike" finished-at="2024-03-29T14:56:27 IST" duration-ms="8290" status="PASS">
          <reporter-output>
          </reporter-output>
        </test-method> <!-- addReBike -->
        <test-method signature="reridedetails()[pri:12, instance:testCases.SriLanka@4c1f22f3]" started-at="2024-03-29T14:56:27 IST" name="reridedetails" finished-at="2024-03-29T14:56:36 IST" duration-ms="8443" status="PASS">
          <reporter-output>
          </reporter-output>
        </test-method> <!-- reridedetails -->
        <test-method signature="remyrides()[pri:13, instance:testCases.SriLanka@4c1f22f3]" started-at="2024-03-29T14:56:36 IST" name="remyrides" finished-at="2024-03-29T14:56:39 IST" duration-ms="3184" status="PASS">
          <reporter-output>
          </reporter-output>
        </test-method> <!-- remyrides -->
        <test-method signature="reknowyourbike()[pri:14, instance:testCases.SriLanka@4c1f22f3]" started-at="2024-03-29T14:56:39 IST" name="reknowyourbike" finished-at="2024-03-29T14:56:47 IST" duration-ms="7688" status="PASS">
          <reporter-output>
          </reporter-output>
        </test-method> <!-- reknowyourbike -->
        <test-method signature="resettings()[pri:15, instance:testCases.SriLanka@4c1f22f3]" started-at="2024-03-29T14:56:47 IST" name="resettings" finished-at="2024-03-29T14:56:56 IST" duration-ms="9321" status="PASS">
          <reporter-output>
          </reporter-output>
        </test-method> <!-- resettings -->
        <test-method signature="lastparkedlocation()[pri:16, instance:testCases.SriLanka@4c1f22f3]" started-at="2024-03-29T14:56:56 IST" name="lastparkedlocation" finished-at="2024-03-29T14:57:01 IST" duration-ms="5093" status="PASS">
          <reporter-output>
          </reporter-output>
        </test-method> <!-- lastparkedlocation -->
        <test-method signature="howtovideos()[pri:17, instance:testCases.SriLanka@4c1f22f3]" started-at="2024-03-29T14:57:01 IST" name="howtovideos" finished-at="2024-03-29T14:57:04 IST" duration-ms="3361" status="PASS">
          <reporter-output>
          </reporter-output>
        </test-method> <!-- howtovideos -->
        <test-method signature="addiQube()[pri:18, instance:testCases.SriLanka@4c1f22f3]" started-at="2024-03-29T14:57:04 IST" name="addiQube" finished-at="2024-03-29T14:57:09 IST" duration-ms="4043" status="PASS">
          <reporter-output>
          </reporter-output>
        </test-method> <!-- addiQube -->
      </class> <!-- testCases.SriLanka -->
    </test> <!-- Test -->
  </suite> <!-- Suite -->
</testng-results>
