<?xml version="1.0" encoding="UTF-8"?>
<testng-results ignored="0" total="18" passed="18" failed="0" skipped="0">
  <reporter-output>
  </reporter-output>
  <suite started-at="2024-04-02T17:15:28 IST" name="Default suite" finished-at="2024-04-02T17:18:27 IST" duration-ms="179295">
    <groups>
    </groups>
    <test started-at="2024-04-02T17:15:28 IST" name="Default test" finished-at="2024-04-02T17:18:27 IST" duration-ms="179295">
      <class name="testCases.SriLanka">
        <test-method is-config="true" signature="configureappium()[pri:0, instance:testCases.SriLanka@1ed6388a]" started-at="2024-04-02T17:15:28 IST" name="configureappium" finished-at="2024-04-02T17:15:46 IST" duration-ms="17719" status="PASS">
          <reporter-output>
          </reporter-output>
        </test-method> <!-- configureappium -->
        <test-method signature="applicationLogin()[pri:1, instance:testCases.SriLanka@1ed6388a]" started-at="2024-04-02T17:15:46 IST" name="applicationLogin" finished-at="2024-04-02T17:16:09 IST" duration-ms="23626" status="PASS">
          <reporter-output>
          </reporter-output>
        </test-method> <!-- applicationLogin -->
        <test-method signature="signupDetails()[pri:2, instance:testCases.SriLanka@1ed6388a]" started-at="2024-04-02T17:16:09 IST" name="signupDetails" finished-at="2024-04-02T17:16:16 IST" duration-ms="6340" status="PASS">
          <reporter-output>
          </reporter-output>
        </test-method> <!-- signupDetails -->
        <test-method signature="verifyOtp()[pri:3, instance:testCases.SriLanka@1ed6388a]" started-at="2024-04-02T17:16:16 IST" name="verifyOtp" finished-at="2024-04-02T17:16:27 IST" duration-ms="11261" status="PASS">
          <reporter-output>
          </reporter-output>
        </test-method> <!-- verifyOtp -->
        <test-method signature="addSEVehicle()[pri:4, instance:testCases.SriLanka@1ed6388a]" started-at="2024-04-02T17:16:27 IST" name="addSEVehicle" finished-at="2024-04-02T17:16:53 IST" duration-ms="26254" status="PASS">
          <reporter-output>
          </reporter-output>
        </test-method> <!-- addSEVehicle -->
        <test-method signature="SerideDetails()[pri:5, instance:testCases.SriLanka@1ed6388a]" started-at="2024-04-02T17:16:53 IST" name="SerideDetails" finished-at="2024-04-02T17:17:03 IST" duration-ms="9547" status="PASS">
          <reporter-output>
          </reporter-output>
        </test-method> <!-- SerideDetails -->
        <test-method signature="SemyRides()[pri:6, instance:testCases.SriLanka@1ed6388a]" started-at="2024-04-02T17:17:03 IST" name="SemyRides" finished-at="2024-04-02T17:17:06 IST" duration-ms="3419" status="PASS">
          <reporter-output>
          </reporter-output>
        </test-method> <!-- SemyRides -->
        <test-method signature="Seknowyourbike()[pri:7, instance:testCases.SriLanka@1ed6388a]" started-at="2024-04-02T17:17:06 IST" name="Seknowyourbike" finished-at="2024-04-02T17:17:14 IST" duration-ms="8063" status="PASS">
          <reporter-output>
          </reporter-output>
        </test-method> <!-- Seknowyourbike -->
        <test-method signature="Sesettings()[pri:8, instance:testCases.SriLanka@1ed6388a]" started-at="2024-04-02T17:17:14 IST" name="Sesettings" finished-at="2024-04-02T17:17:25 IST" duration-ms="10262" status="PASS">
          <reporter-output>
          </reporter-output>
        </test-method> <!-- Sesettings -->
        <test-method signature="SelastParkLocation()[pri:9, instance:testCases.SriLanka@1ed6388a]" started-at="2024-04-02T17:17:25 IST" name="SelastParkLocation" finished-at="2024-04-02T17:17:31 IST" duration-ms="6738" status="PASS">
          <reporter-output>
          </reporter-output>
        </test-method> <!-- SelastParkLocation -->
        <test-method signature="SehowToVideos()[pri:10, instance:testCases.SriLanka@1ed6388a]" started-at="2024-04-02T17:17:31 IST" name="SehowToVideos" finished-at="2024-04-02T17:17:37 IST" duration-ms="6167" status="PASS">
          <reporter-output>
          </reporter-output>
        </test-method> <!-- SehowToVideos -->
        <test-method signature="addReBike()[pri:11, instance:testCases.SriLanka@1ed6388a]" started-at="2024-04-02T17:17:37 IST" name="addReBike" finished-at="2024-04-02T17:17:45 IST" duration-ms="7924" status="PASS">
          <reporter-output>
          </reporter-output>
        </test-method> <!-- addReBike -->
        <test-method signature="reridedetails()[pri:12, instance:testCases.SriLanka@1ed6388a]" started-at="2024-04-02T17:17:45 IST" name="reridedetails" finished-at="2024-04-02T17:17:54 IST" duration-ms="8667" status="PASS">
          <reporter-output>
          </reporter-output>
        </test-method> <!-- reridedetails -->
        <test-method signature="remyrides()[pri:13, instance:testCases.SriLanka@1ed6388a]" started-at="2024-04-02T17:17:54 IST" name="remyrides" finished-at="2024-04-02T17:17:57 IST" duration-ms="3265" status="PASS">
          <reporter-output>
          </reporter-output>
        </test-method> <!-- remyrides -->
        <test-method signature="reknowyourbike()[pri:14, instance:testCases.SriLanka@1ed6388a]" started-at="2024-04-02T17:17:57 IST" name="reknowyourbike" finished-at="2024-04-02T17:18:05 IST" duration-ms="7208" status="PASS">
          <reporter-output>
          </reporter-output>
        </test-method> <!-- reknowyourbike -->
        <test-method signature="resettings()[pri:15, instance:testCases.SriLanka@1ed6388a]" started-at="2024-04-02T17:18:05 IST" name="resettings" finished-at="2024-04-02T17:18:14 IST" duration-ms="9543" status="PASS">
          <reporter-output>
          </reporter-output>
        </test-method> <!-- resettings -->
        <test-method signature="lastparkedlocation()[pri:16, instance:testCases.SriLanka@1ed6388a]" started-at="2024-04-02T17:18:14 IST" name="lastparkedlocation" finished-at="2024-04-02T17:18:19 IST" duration-ms="4957" status="PASS">
          <reporter-output>
          </reporter-output>
        </test-method> <!-- lastparkedlocation -->
        <test-method signature="howtovideos()[pri:17, instance:testCases.SriLanka@1ed6388a]" started-at="2024-04-02T17:18:19 IST" name="howtovideos" finished-at="2024-04-02T17:18:23 IST" duration-ms="3641" status="PASS">
          <reporter-output>
          </reporter-output>
        </test-method> <!-- howtovideos -->
        <test-method signature="addiQube()[pri:18, instance:testCases.SriLanka@1ed6388a]" started-at="2024-04-02T17:18:23 IST" name="addiQube" finished-at="2024-04-02T17:18:27 IST" duration-ms="4559" status="PASS">
          <reporter-output>
          </reporter-output>
        </test-method> <!-- addiQube -->
      </class> <!-- testCases.SriLanka -->
    </test> <!-- Default test -->
  </suite> <!-- Default suite -->
</testng-results>
